<?xml version="1.0" encoding="UTF-8"?>
<!-- Generated by org.testng.reporters.JUnitReportReporter -->
<testsuite skipped="0" hostname="Harish-PC" name="com.orangeHRM.testcasescripts.SampleTest" tests="1" failures="0" timestamp="24 Jul 2019 04:53:42 GMT" time="0.008" errors="0">
  <testcase name="f" time="0.008" classname="com.orangeHRM.testcasescripts.SampleTest"/>
</testsuite> <!-- com.orangeHRM.testcasescripts.SampleTest -->
